/*C12*/SET SCHEMA PUBLIC
CREATE SCHEMA IF NOT EXISTS voting
drop table voting.votes if exists
drop table voting.voting_instances if exists
drop table voting.voting_instances_information if exists
create table voting.votes (id integer generated by default as identity (start with 1), grand_prize integer, most_creative integer, most_impactful integer, username varchar(255), voting_id integer, primary key (id))
create table voting.voting_instances (id integer generated by default as identity (start with 1), name varchar(255), resource_name varchar(255), primary key (id))
create table voting.voting_instances_information (id integer generated by default as identity (start with 1), long_description varchar(255), short_description varchar(255), team_members varchar(255), team_name varchar(255), voting_id integer, primary key (id))
alter table voting.votes add constraint UKa6037x7mwu2cv9h69hbgtrggn unique (voting_id, username)
alter table voting.voting_instances add constraint UK5v9vfaa5bfo34tn6rtrh95vnv unique (resource_name)
alter table voting.voting_instances_information add constraint UKqv7vd03cbg1nfpcbrgv2eihbx unique (voting_id, team_name)
SET SCHEMA VOTING
INSERT INTO VOTING_INSTANCES VALUES(1,'UX Hackathon Voting','ux-hackathon')
COMMIT
INSERT INTO VOTING_INSTANCES_INFORMATION VALUES(1,'She sells sea shells on the sea shore said jack in the box with old Mcdonald had a farm eeeei eeeei ooohhh','This is a short description13','[{"full_name":"Jane Smith","email":"marysmaith@prosper.com"},{"full_name":"Nancy Drew","email":"nancy@prosper.com"},{"full_name":"John Doe","email":"john@prosper.com"},{"full_name":"Mark Cunningham","email":"mcunningham@prosper.com"}]','test-team-13',1)
COMMIT
INSERT INTO VOTING_INSTANCES_INFORMATION VALUES(2,'She sells sea shells on the sea shore said jack in the box with old Mcdonald had a farm eeeei eeeei ooohhh','This is a short description17','[{"full_name":"Jane Smith","email":"marysmaith@prosper.com"},{"full_name":"Nancy Drew","email":"nancy@prosper.com"},{"full_name":"John Doe","email":"john@prosper.com"},{"full_name":"Mark Cunningham","email":"mcunningham@prosper.com"}]','test-team-17',1)
COMMIT
INSERT INTO VOTING_INSTANCES_INFORMATION VALUES(3,'She sells sea shells on the sea shore said jack in the box with old Mcdonald had a farm eeeei eeeei ooohhh','This is a short description5','[{"full_name":"Jane Smith","email":"marysmaith@prosper.com"},{"full_name":"Nancy Drew","email":"nancy@prosper.com"},{"full_name":"John Doe","email":"john@prosper.com"},{"full_name":"Mark Cunningham","email":"mcunningham@prosper.com"}]','test-team-5',1)
COMMIT
INSERT INTO VOTING_INSTANCES_INFORMATION VALUES(4,'She sells sea shells on the sea shore said jack in the box with old Mcdonald had a farm eeeei eeeei ooohhh','This is a short description9','[{"full_name":"Jane Smith","email":"marysmaith@prosper.com"},{"full_name":"Nancy Drew","email":"nancy@prosper.com"},{"full_name":"John Doe","email":"john@prosper.com"},{"full_name":"Mark Cunningham","email":"mcunningham@prosper.com"}]','test-team-9',1)
COMMIT
INSERT INTO VOTING_INSTANCES_INFORMATION VALUES(5,'She sells sea shells on the sea shore said jack in the box with old Mcdonald had a farm eeeei eeeei ooohhh','This is a short description15','[{"full_name":"Jane Smith","email":"marysmaith@prosper.com"},{"full_name":"Nancy Drew","email":"nancy@prosper.com"},{"full_name":"John Doe","email":"john@prosper.com"},{"full_name":"Mark Cunningham","email":"mcunningham@prosper.com"}]','test-team-15',1)
COMMIT
INSERT INTO VOTING_INSTANCES_INFORMATION VALUES(6,'She sells sea shells on the sea shore said jack in the box with old Mcdonald had a farm eeeei eeeei ooohhh','This is a short description18','[{"full_name":"Jane Smith","email":"marysmaith@prosper.com"},{"full_name":"Nancy Drew","email":"nancy@prosper.com"},{"full_name":"John Doe","email":"john@prosper.com"},{"full_name":"Mark Cunningham","email":"mcunningham@prosper.com"}]','test-team-18',1)
COMMIT
INSERT INTO VOTING_INSTANCES_INFORMATION VALUES(7,'She sells sea shells on the sea shore said jack in the box with old Mcdonald had a farm eeeei eeeei ooohhh','This is a short description14','[{"full_name":"Jane Smith","email":"marysmaith@prosper.com"},{"full_name":"Nancy Drew","email":"nancy@prosper.com"},{"full_name":"John Doe","email":"john@prosper.com"},{"full_name":"Mark Cunningham","email":"mcunningham@prosper.com"}]','test-team-14',1)
COMMIT
INSERT INTO VOTING_INSTANCES_INFORMATION VALUES(8,'She sells sea shells on the sea shore said jack in the box with old Mcdonald had a farm eeeei eeeei ooohhh','This is a short description2','[{"full_name":"Jane Smith","email":"marysmaith@prosper.com"},{"full_name":"Nancy Drew","email":"nancy@prosper.com"},{"full_name":"John Doe","email":"john@prosper.com"},{"full_name":"Mark Cunningham","email":"mcunningham@prosper.com"}]','test-team-2',1)
COMMIT
INSERT INTO VOTING_INSTANCES_INFORMATION VALUES(9,'She sells sea shells on the sea shore said jack in the box with old Mcdonald had a farm eeeei eeeei ooohhh','This is a short description16','[{"full_name":"Jane Smith","email":"marysmaith@prosper.com"},{"full_name":"Nancy Drew","email":"nancy@prosper.com"},{"full_name":"John Doe","email":"john@prosper.com"},{"full_name":"Mark Cunningham","email":"mcunningham@prosper.com"}]','test-team-16',1)
COMMIT
INSERT INTO VOTING_INSTANCES_INFORMATION VALUES(10,'She sells sea shells on the sea shore said jack in the box with old Mcdonald had a farm eeeei eeeei ooohhh','This is a short description19','[{"full_name":"Jane Smith","email":"marysmaith@prosper.com"},{"full_name":"Nancy Drew","email":"nancy@prosper.com"},{"full_name":"John Doe","email":"john@prosper.com"},{"full_name":"Mark Cunningham","email":"mcunningham@prosper.com"}]','test-team-19',1)
COMMIT
INSERT INTO VOTING_INSTANCES_INFORMATION VALUES(11,'She sells sea shells on the sea shore said jack in the box with old Mcdonald had a farm eeeei eeeei ooohhh','This is a short description10','[{"full_name":"Jane Smith","email":"marysmaith@prosper.com"},{"full_name":"Nancy Drew","email":"nancy@prosper.com"},{"full_name":"John Doe","email":"john@prosper.com"},{"full_name":"Mark Cunningham","email":"mcunningham@prosper.com"}]','test-team-10',1)
COMMIT
INSERT INTO VOTING_INSTANCES_INFORMATION VALUES(12,'She sells sea shells on the sea shore said jack in the box with old Mcdonald had a farm eeeei eeeei ooohhh','This is a short description4','[{"full_name":"Jane Smith","email":"marysmaith@prosper.com"},{"full_name":"Nancy Drew","email":"nancy@prosper.com"},{"full_name":"John Doe","email":"john@prosper.com"},{"full_name":"Mark Cunningham","email":"mcunningham@prosper.com"}]','test-team-4',1)
COMMIT
INSERT INTO VOTING_INSTANCES_INFORMATION VALUES(13,'She sells sea shells on the sea shore said jack in the box with old Mcdonald had a farm eeeei eeeei ooohhh','This is a short description3','[{"full_name":"Jane Smith","email":"marysmaith@prosper.com"},{"full_name":"Nancy Drew","email":"nancy@prosper.com"},{"full_name":"John Doe","email":"john@prosper.com"},{"full_name":"Mark Cunningham","email":"mcunningham@prosper.com"}]','test-team-3',1)
COMMIT
INSERT INTO VOTING_INSTANCES_INFORMATION VALUES(14,'She sells sea shells on the sea shore said jack in the box with old Mcdonald had a farm eeeei eeeei ooohhh','This is a short description11','[{"full_name":"Jane Smith","email":"marysmaith@prosper.com"},{"full_name":"Nancy Drew","email":"nancy@prosper.com"},{"full_name":"John Doe","email":"john@prosper.com"},{"full_name":"Mark Cunningham","email":"mcunningham@prosper.com"}]','test-team-11',1)
COMMIT
INSERT INTO VOTING_INSTANCES_INFORMATION VALUES(15,'She sells sea shells on the sea shore said jack in the box with old Mcdonald had a farm eeeei eeeei ooohhh','This is a short description1','[{"full_name":"Jane Smith","email":"marysmaith@prosper.com"},{"full_name":"Nancy Drew","email":"nancy@prosper.com"},{"full_name":"John Doe","email":"john@prosper.com"},{"full_name":"Mark Cunningham","email":"mcunningham@prosper.com"}]','test-team-1',1)
COMMIT
INSERT INTO VOTING_INSTANCES_INFORMATION VALUES(16,'She sells sea shells on the sea shore said jack in the box with old Mcdonald had a farm eeeei eeeei ooohhh','This is a short description6','[{"full_name":"Jane Smith","email":"marysmaith@prosper.com"},{"full_name":"Nancy Drew","email":"nancy@prosper.com"},{"full_name":"John Doe","email":"john@prosper.com"},{"full_name":"Mark Cunningham","email":"mcunningham@prosper.com"}]','test-team-6',1)
COMMIT
INSERT INTO VOTING_INSTANCES_INFORMATION VALUES(17,'She sells sea shells on the sea shore said jack in the box with old Mcdonald had a farm eeeei eeeei ooohhh','This is a short description12','[{"full_name":"Jane Smith","email":"marysmaith@prosper.com"},{"full_name":"Nancy Drew","email":"nancy@prosper.com"},{"full_name":"John Doe","email":"john@prosper.com"},{"full_name":"Mark Cunningham","email":"mcunningham@prosper.com"}]','test-team-12',1)
COMMIT
INSERT INTO VOTING_INSTANCES_INFORMATION VALUES(18,'She sells sea shells on the sea shore said jack in the box with old Mcdonald had a farm eeeei eeeei ooohhh','This is a short description7','[{"full_name":"Jane Smith","email":"marysmaith@prosper.com"},{"full_name":"Nancy Drew","email":"nancy@prosper.com"},{"full_name":"John Doe","email":"john@prosper.com"},{"full_name":"Mark Cunningham","email":"mcunningham@prosper.com"}]','test-team-7',1)
COMMIT
INSERT INTO VOTING_INSTANCES_INFORMATION VALUES(19,'She sells sea shells on the sea shore said jack in the box with old Mcdonald had a farm eeeei eeeei ooohhh','This is a short description8','[{"full_name":"Jane Smith","email":"marysmaith@prosper.com"},{"full_name":"Nancy Drew","email":"nancy@prosper.com"},{"full_name":"John Doe","email":"john@prosper.com"},{"full_name":"Mark Cunningham","email":"mcunningham@prosper.com"}]','test-team-8',1)
COMMIT
